<?xml version="1.0" encoding="UTF-8"?>
<testsuite name="ch.unibas.dmi.dbis.cs108.example.HelloWorldTest" tests="1" skipped="0" failures="0" errors="0" timestamp="2020-02-26T16:03:07" hostname="Meipeis-MacBook-Air.local" time="0.012">
  <properties/>
  <testcase name="testMain" classname="ch.unibas.dmi.dbis.cs108.example.HelloWorldTest" time="0.012"/>
  <system-out><![CDATA[]]></system-out>
  <system-err><![CDATA[]]></system-err>
</testsuite>
